(c) Copyright IBM Corporation 1993,2007
Command Line Processor for DB2 Client 11.5.4.0

You can issue database manager commands and SQL statements from the command 
prompt. For example:
    db2 => connect to sample
    db2 => bind sample.bnd

For general help, type: ?.
For command help, type: ? command, where command can be
the first few keywords of a database manager command. For example:
 ? CATALOG DATABASE for help on the CATALOG DATABASE command
 ? CATALOG          for help on all of the CATALOG commands.

To exit db2 interactive mode, type QUIT at the command prompt. Outside 
interactive mode, all commands must be prefixed with 'db2'.
To list the current command option settings, type LIST COMMAND OPTIONS.

For more detailed help, refer to the Online Reference Manual.

db2 => db2 => db2 => db2 => db2 => CONNECT TO cs421

   Database Connection Information

 Database server        = DB2/LINUXX8664 11.5.4.0
 SQL authorization ID   = CWANG131
 Local database alias   = CS421


db2 => db2 => db2 => db2 => db2 => db2 => db2 => db2 => db2 => db2 (cont.) => db2 (cont.) => db2 (cont.) => db2 (cont.) => db2 (cont.) => db2 (cont.) => db2 (cont.) => db2 (cont.) => db2 (cont.) => db2 (cont.) => CREATE TABLE Mother( hcid VARCHAR(50) NOT NULL, addr VARCHAR(50) NOT NULL, profession VARCHAR(50) NOT NULL, name VARCHAR(50) NOT NULL, dob DATE NOT NULL, bloodtype VARCHAR(10), email VARCHAR(50) NOT NULL, phone VARCHAR(20) NOT NULL, PRIMARY KEY (hcid) )
DB20000I  The SQL command completed successfully.

db2 => db2 => db2 (cont.) => db2 (cont.) => db2 (cont.) => db2 (cont.) => db2 (cont.) => db2 (cont.) => db2 (cont.) => db2 (cont.) => db2 (cont.) => db2 (cont.) => db2 (cont.) => CREATE TABLE Father( fid VARCHAR(50) NOT NULL, hcid VARCHAR(50), addr VARCHAR(50), profession VARCHAR(50) NOT NULL, name VARCHAR(50) NOT NULL, dob DATE NOT NULL, bloodtype VARCHAR(10), email VARCHAR(50), phone VARCHAR(20) NOT NULL, PRIMARY KEY (fid) )
DB20000I  The SQL command completed successfully.

db2 => db2 => db2 (cont.) => db2 (cont.) => db2 (cont.) => db2 (cont.) => db2 (cont.) => db2 (cont.) => db2 (cont.) => db2 (cont.) => CREATE TABLE HealthcareInstitution( instid INT NOT NULL, web VARCHAR(100) NOT NULL, name VARCHAR(100) NOT NULL, phone VARCHAR(100) NOT NULL, email VARCHAR(100) NOT NULL, addr VARCHAR(100) NOT NULL, PRIMARY KEY (instid) )
DB20000I  The SQL command completed successfully.

db2 => db2 => db2 (cont.) => db2 (cont.) => db2 (cont.) => db2 (cont.) => CREATE TABLE CommunityClinic( instid INT NOT NULL, PRIMARY KEY (instid), FOREIGN KEY (instid) REFERENCES HealthcareInstitution(instid) )
DB20000I  The SQL command completed successfully.

db2 => db2 => db2 (cont.) => db2 (cont.) => db2 (cont.) => db2 (cont.) => CREATE TABLE BirthCenter( instid INT NOT NULL, PRIMARY KEY (instid), FOREIGN KEY (instid) REFERENCES HealthcareInstitution(instid) )
DB20000I  The SQL command completed successfully.

db2 => db2 => db2 (cont.) => db2 (cont.) => db2 (cont.) => db2 (cont.) => db2 (cont.) => db2 (cont.) => db2 (cont.) => db2 (cont.) => CREATE TABLE Midwife( practid VARCHAR(50) NOT NULL, name VARCHAR(50) NOT NULL, email VARCHAR(50) NOT NULL, phone VARCHAR(20) NOT NULL, instid INT NOT NULL, PRIMARY KEY (practid), FOREIGN KEY (instid) REFERENCES HealthcareInstitution(instid) )
DB20000I  The SQL command completed successfully.

db2 => db2 => db2 (cont.) => db2 (cont.) => db2 (cont.) => db2 (cont.) => db2 (cont.) => db2 (cont.) => db2 (cont.) => CREATE TABLE Parent( pid VARCHAR(50) NOT NULL, hcid VARCHAR(50) NOT NULL, fid VARCHAR(50), PRIMARY KEY (pid), FOREIGN KEY (hcid) REFERENCES Mother(hcid), FOREIGN KEY (fid) REFERENCES Father(fid) )
DB20000I  The SQL command completed successfully.

db2 => db2 => db2 (cont.) => db2 (cont.) => db2 (cont.) => db2 (cont.) => db2 (cont.) => db2 (cont.) => db2 (cont.) => db2 (cont.) => db2 (cont.) => db2 (cont.) => CREATE TABLE InfoSession( infoid INT NOT NULL, language VARCHAR(50) NOT NULL, infodate DATE NOT NULL, infotime time NOT NULL, practid VARCHAR(50) NOT NULL, pid VARCHAR(50) NOT NULL, PRIMARY KEY (infoid), FOREIGN KEY (practid) REFERENCES Midwife(practid), FOREIGN KEY (pid) REFERENCES Parent(pid) )
DB20000I  The SQL command completed successfully.

db2 => db2 => db2 (cont.) => db2 (cont.) => db2 (cont.) => db2 (cont.) => db2 (cont.) => db2 (cont.) => db2 (cont.) => db2 (cont.) => db2 (cont.) => db2 (cont.) => db2 (cont.) => db2 (cont.) => db2 (cont.) => db2 (cont.) => db2 (cont.) => db2 (cont.) => CREATE TABLE Pregnancy( pregnum INT NOT NULL, pid VARCHAR(50) NOT NULL, birthplace VARCHAR(50) NOT NULL, expdatebirth DATE NOT NULL, expdatelastperiod DATE NOT NULL, expdateusound DATE NOT NULL, finalestimatedate DATE NOT NULL, ppractid VARCHAR(50) NOT NULL, bpractid VARCHAR(50) NOT NULl, instid INT, PRIMARY KEY (pregnum, pid), FOREIGN KEY (pid) REFERENCES Parent(pid), FOREIGN KEY (ppractid) REFERENCES Midwife(practid), FOREIGN KEY (bpractid) REFERENCES Midwife(practid), FOREIGN KEY (instid) REFERENCES HealthcareInstitution(instid) )
DB20000I  The SQL command completed successfully.

db2 => db2 => db2 (cont.) => db2 (cont.) => db2 (cont.) => db2 (cont.) => db2 (cont.) => db2 (cont.) => db2 (cont.) => db2 (cont.) => db2 (cont.) => db2 (cont.) => CREATE TABLE Appointment( appid INT NOT NULL, appdate DATE NOT NULL, apptime time NOT NULL, pregnum INT NOT NULL, practid VARCHAR(50) NOT NULL, pid VARCHAR(50) NOT NULL, PRIMARY KEY (appid), FOREIGN KEY (pregnum, pid) REFERENCES Pregnancy(pregnum, pid), FOREIGN KEY (practid) REFERENCES Midwife(practid) )
DB20000I  The SQL command completed successfully.

db2 => db2 => db2 (cont.) => db2 (cont.) => db2 (cont.) => db2 (cont.) => db2 (cont.) => db2 (cont.) => db2 (cont.) => db2 (cont.) => CREATE TABLE Observation( obsid INT NOT NULL, obstime time NOT NULL, obsdate DATE NOT NULL, obsnote VARCHAR(150) NOT NULL, appid INT NOT NULL, PRIMARY KEY (obsid), FOREIGN KEY (appid) REFERENCES Appointment(appid) )
DB20000I  The SQL command completed successfully.

db2 => db2 => db2 (cont.) => db2 (cont.) => db2 (cont.) => db2 (cont.) => db2 (cont.) => db2 (cont.) => db2 (cont.) => db2 (cont.) => db2 (cont.) => db2 (cont.) => db2 (cont.) => db2 (cont.) => CREATE TABLE Baby( babyid VARCHAR(50) NOT NULL, babyname VARCHAR(50), dob DATE NOT NULL, gender VARCHAR(10) NOT NULL, bloodtype VARCHAR(5) NOT NULL, borntime time NOT NULL, numofbaby INT NOT NULL, pregnum INT NOT NULL, pid VARCHAR(50) NOT NULL, PRIMARY KEY (babyid), FOREIGN KEY (pregnum, pid) REFERENCES Pregnancy(pregnum, pid) )
DB20000I  The SQL command completed successfully.

db2 => db2 => db2 (cont.) => db2 (cont.) => db2 (cont.) => db2 (cont.) => db2 (cont.) => CREATE TABLE LabTech( techid VARCHAR(50) NOT NULl, name VARCHAR(50) NOT NULL, phone VARCHAR(20) NOT NULL, PRIMARY KEY (techid) )
DB20000I  The SQL command completed successfully.

db2 => db2 => db2 (cont.) => db2 (cont.) => db2 (cont.) => db2 (cont.) => db2 (cont.) => db2 (cont.) => db2 (cont.) => db2 (cont.) => db2 (cont.) => db2 (cont.) => db2 (cont.) => db2 (cont.) => db2 (cont.) => db2 (cont.) => db2 (cont.) => db2 (cont.) => db2 (cont.) => CREATE TABLE MedicalTest( testid INT NOT NULL, presdate DATE NOT NULL, sampledate DATE NOT NULL, labdate DATE NOT NULL, testtype VARCHAR(20) NOT NULL, results VARCHAR(50) NOT NULL, practid VARCHAR(50) NOT NULL, pid VARCHAR(50) NOT NULL, pregnum INT NOT NULL, babyid VARCHAR(50) NOT NULL, techid VARCHAR(50) NOT NULL, PRIMARY KEY (testid), FOREIGN KEY (practid) REFERENCES Midwife(practid), FOREIGN KEY (pid, pregnum) REFERENCES Pregnancy(pid, pregnum), FOREIGN KEY (babyid) REFERENCES Baby(babyid), FOREIGN KEY (techid) REFERENCES LabTech(techid) )
DB20000I  The SQL command completed successfully.

db2 => db2 => 